{"/Users/chiemekaalim/ws/interview/airsiders/geojson/app.ts": {"path":"/Users/chiemekaalim/ws/interview/airsiders/geojson/app.ts","statementMap":{"0":{"start":{"line":1,"column":0},"end":{"line":1,"column":28}},"1":{"start":{"line":3,"column":21},"end":{"line":3,"column":36}},"2":{"start":{"line":4,"column":0},"end":{"line":6,"column":null}},"3":{"start":{"line":5,"column":4},"end":{"line":5,"column":29}},"4":{"start":{"line":8,"column":0},"end":{"line":8,"column":30}},"5":{"start":{"line":9,"column":0},"end":{"line":9,"column":29}},"6":{"start":{"line":10,"column":0},"end":{"line":10,"column":35}},"7":{"start":{"line":11,"column":0},"end":{"line":11,"column":50}},"8":{"start":{"line":12,"column":0},"end":{"line":12,"column":24}},"9":{"start":{"line":14,"column":0},"end":{"line":14,"column":74}},"10":{"start":{"line":15,"column":0},"end":{"line":15,"column":26}},"11":{"start":{"line":17,"column":33},"end":{"line":17,"column":42}},"12":{"start":{"line":18,"column":28},"end":{"line":18,"column":50}},"13":{"start":{"line":19,"column":13},"end":{"line":19,"column":17}},"14":{"start":{"line":20,"column":42},"end":{"line":20,"column":44}},"15":{"start":{"line":21,"column":34},"end":{"line":21,"column":46}},"16":{"start":{"line":23,"column":0},"end":{"line":23,"column":24}},"17":{"start":{"line":24,"column":0},"end":{"line":24,"column":16}},"18":{"start":{"line":28,"column":52},"end":{"line":35,"column":2}},"19":{"start":{"line":37,"column":0},"end":{"line":39,"column":null}},"20":{"start":{"line":38,"column":2},"end":{"line":38,"column":29}},"21":{"start":{"line":42,"column":0},"end":{"line":42,"column":46}},"22":{"start":{"line":45,"column":0},"end":{"line":45,"column":40}},"23":{"start":{"line":48,"column":23},"end":{"line":48,"column":67}},"24":{"start":{"line":49,"column":0},"end":{"line":51,"column":3}},"25":{"start":{"line":50,"column":4},"end":{"line":50,"column":null}},"26":{"start":{"line":53,"column":0},"end":{"line":62,"column":3}},"27":{"start":{"line":56,"column":2},"end":{"line":58,"column":5}},"28":{"start":{"line":57,"column":6},"end":{"line":57,"column":59}},"29":{"start":{"line":61,"column":2},"end":{"line":61,"column":30}}},"fnMap":{"0":{"name":"(anonymous_7)","decl":{"start":{"line":49,"column":13},"end":{"line":49,"column":14}},"loc":{"start":{"line":49,"column":61},"end":{"line":51,"column":1}}},"1":{"name":"(anonymous_8)","decl":{"start":{"line":55,"column":20},"end":{"line":55,"column":23}},"loc":{"start":{"line":55,"column":25},"end":{"line":62,"column":1}}},"2":{"name":"(anonymous_9)","decl":{"start":{"line":56,"column":17},"end":{"line":56,"column":18}},"loc":{"start":{"line":56,"column":47},"end":{"line":58,"column":3}}}},"branchMap":{"0":{"loc":{"start":{"line":4,"column":0},"end":{"line":6,"column":null}},"type":"if","locations":[{"start":{"line":4,"column":0},"end":{"line":6,"column":null}}]},"1":{"loc":{"start":{"line":37,"column":0},"end":{"line":39,"column":null}},"type":"if","locations":[{"start":{"line":37,"column":0},"end":{"line":39,"column":null}}]}},"s":{"0":1,"1":1,"2":1,"3":0,"4":1,"5":1,"6":1,"7":1,"8":1,"9":1,"10":1,"11":1,"12":1,"13":1,"14":1,"15":1,"16":1,"17":1,"18":1,"19":1,"20":1,"21":1,"22":1,"23":1,"24":1,"25":0,"26":1,"27":1,"28":1,"29":1},"f":{"0":0,"1":1,"2":1},"b":{"0":[0],"1":[1]}}
,"/Users/chiemekaalim/ws/interview/airsiders/geojson/common/common.routes.config.ts": {"path":"/Users/chiemekaalim/ws/interview/airsiders/geojson/common/common.routes.config.ts","statementMap":{"0":{"start":{"line":9,"column":8},"end":{"line":9,"column":23}},"1":{"start":{"line":10,"column":8},"end":{"line":10,"column":25}},"2":{"start":{"line":11,"column":8},"end":{"line":11,"column":31}},"3":{"start":{"line":15,"column":8},"end":{"line":15,"column":25}},"4":{"start":{"line":3,"column":0},"end":{"line":3,"column":22}}},"fnMap":{"0":{"name":"(anonymous_0)","decl":{"start":{"line":8,"column":4},"end":{"line":8,"column":16}},"loc":{"start":{"line":8,"column":54},"end":{"line":12,"column":5}}},"1":{"name":"(anonymous_1)","decl":{"start":{"line":14,"column":4},"end":{"line":14,"column":11}},"loc":{"start":{"line":14,"column":11},"end":{"line":16,"column":5}}}},"branchMap":{},"s":{"0":1,"1":1,"2":1,"3":1,"4":1},"f":{"0":1,"1":1},"b":{}}
,"/Users/chiemekaalim/ws/interview/airsiders/geojson/common/middleware/body.validation.middleware.ts": {"path":"/Users/chiemekaalim/ws/interview/airsiders/geojson/common/middleware/body.validation.middleware.ts","statementMap":{"0":{"start":{"line":2,"column":0},"end":{"line":2,"column":53}},"1":{"start":{"line":10,"column":23},"end":{"line":10,"column":44}},"2":{"start":{"line":11,"column":8},"end":{"line":13,"column":null}},"3":{"start":{"line":12,"column":12},"end":{"line":12,"column":68}},"4":{"start":{"line":14,"column":8},"end":{"line":14,"column":15}},"5":{"start":{"line":18,"column":0},"end":{"line":18,"column":46}}},"fnMap":{"0":{"name":"(anonymous_0)","decl":{"start":{"line":5,"column":4},"end":{"line":5,"column":26}},"loc":{"start":{"line":8,"column":34},"end":{"line":15,"column":5}}}},"branchMap":{"0":{"loc":{"start":{"line":11,"column":8},"end":{"line":13,"column":null}},"type":"if","locations":[{"start":{"line":11,"column":8},"end":{"line":13,"column":null}}]}},"s":{"0":1,"1":1,"2":1,"3":0,"4":1,"5":1},"f":{"0":1},"b":{"0":[0]}}
,"/Users/chiemekaalim/ws/interview/airsiders/geojson/geofeatures/geofeatures.routes.config.ts": {"path":"/Users/chiemekaalim/ws/interview/airsiders/geojson/geofeatures/geofeatures.routes.config.ts","statementMap":{"0":{"start":{"line":1,"column":0},"end":{"line":1,"column":66}},"1":{"start":{"line":2,"column":0},"end":{"line":2,"column":87}},"2":{"start":{"line":3,"column":0},"end":{"line":3,"column":41}},"3":{"start":{"line":4,"column":0},"end":{"line":4,"column":73}},"4":{"start":{"line":9,"column":8},"end":{"line":9,"column":40}},"5":{"start":{"line":13,"column":6},"end":{"line":23,"column":8}},"6":{"start":{"line":25,"column":6},"end":{"line":25,"column":22}},"7":{"start":{"line":7,"column":0},"end":{"line":7,"column":13}}},"fnMap":{"0":{"name":"(anonymous_1)","decl":{"start":{"line":8,"column":4},"end":{"line":8,"column":16}},"loc":{"start":{"line":8,"column":40},"end":{"line":10,"column":5}}},"1":{"name":"(anonymous_2)","decl":{"start":{"line":12,"column":4},"end":{"line":12,"column":19}},"loc":{"start":{"line":12,"column":19},"end":{"line":26,"column":5}}}},"branchMap":{},"s":{"0":1,"1":1,"2":1,"3":1,"4":1,"5":1,"6":1,"7":1},"f":{"0":1,"1":1},"b":{}}
,"/Users/chiemekaalim/ws/interview/airsiders/geojson/geofeatures/controllers/geofeatures.controller.ts": {"path":"/Users/chiemekaalim/ws/interview/airsiders/geojson/geofeatures/controllers/geofeatures.controller.ts","statementMap":{"0":{"start":{"line":2,"column":0},"end":{"line":2,"column":65}},"1":{"start":{"line":6,"column":28},"end":{"line":6,"column":72}},"2":{"start":{"line":8,"column":4},"end":{"line":9,"column":47}},"3":{"start":{"line":8,"column":42},"end":{"line":8,"column":null}},"4":{"start":{"line":9,"column":9},"end":{"line":9,"column":47}},"5":{"start":{"line":15,"column":0},"end":{"line":15,"column":43}}},"fnMap":{"0":{"name":"(anonymous_8)","decl":{"start":{"line":5,"column":8},"end":{"line":5,"column":25}},"loc":{"start":{"line":5,"column":69},"end":{"line":12,"column":null}}}},"branchMap":{"0":{"loc":{"start":{"line":8,"column":4},"end":{"line":9,"column":47}},"type":"if","locations":[{"start":{"line":8,"column":4},"end":{"line":9,"column":47}},{"start":{"line":9,"column":9},"end":{"line":9,"column":47}}]}},"s":{"0":1,"1":1,"2":1,"3":0,"4":1,"5":1},"f":{"0":1},"b":{"0":[0,1]}}
,"/Users/chiemekaalim/ws/interview/airsiders/geojson/geofeatures/services/geofeatures.service.ts": {"path":"/Users/chiemekaalim/ws/interview/airsiders/geojson/geofeatures/services/geofeatures.service.ts","statementMap":{"0":{"start":{"line":1,"column":0},"end":{"line":1,"column":40}},"1":{"start":{"line":2,"column":0},"end":{"line":2,"column":35}},"2":{"start":{"line":11,"column":28},"end":{"line":11,"column":106}},"3":{"start":{"line":13,"column":0},"end":{"line":13,"column":102}},"4":{"start":{"line":13,"column":26},"end":{"line":13,"column":102}},"5":{"start":{"line":17,"column":31},"end":{"line":17,"column":114}},"6":{"start":{"line":18,"column":16},"end":{"line":18,"column":59}},"7":{"start":{"line":20,"column":4},"end":{"line":28,"column":null}},"8":{"start":{"line":21,"column":29},"end":{"line":24,"column":6}},"9":{"start":{"line":22,"column":6},"end":{"line":23,"column":39}},"10":{"start":{"line":22,"column":23},"end":{"line":22,"column":46}},"11":{"start":{"line":23,"column":11},"end":{"line":23,"column":39}},"12":{"start":{"line":26,"column":6},"end":{"line":26,"column":null}},"13":{"start":{"line":28,"column":20},"end":{"line":28,"column":37}},"14":{"start":{"line":32,"column":4},"end":{"line":32,"column":null}},"15":{"start":{"line":37,"column":0},"end":{"line":37,"column":40}}},"fnMap":{"0":{"name":"(anonymous_8)","decl":{"start":{"line":16,"column":8},"end":{"line":16,"column":17}},"loc":{"start":{"line":16,"column":35},"end":{"line":29,"column":null}}},"1":{"name":"(anonymous_10)","decl":{"start":{"line":21,"column":10},"end":{"line":21,"column":17}},"loc":{"start":{"line":21,"column":29},"end":{"line":24,"column":6}}},"2":{"name":"(anonymous_11)","decl":{"start":{"line":21,"column":29},"end":{"line":21,"column":null}},"loc":{"start":{"line":21,"column":29},"end":{"line":24,"column":5}}},"3":{"name":"(anonymous_12)","decl":{"start":{"line":25,"column":10},"end":{"line":25,"column":18}},"loc":{"start":{"line":25,"column":21},"end":{"line":27,"column":5}}},"4":{"name":"(anonymous_13)","decl":{"start":{"line":28,"column":11},"end":{"line":28,"column":16}},"loc":{"start":{"line":28,"column":20},"end":{"line":28,"column":37}}},"5":{"name":"(anonymous_14)","decl":{"start":{"line":31,"column":2},"end":{"line":31,"column":10}},"loc":{"start":{"line":31,"column":28},"end":{"line":33,"column":3}}}},"branchMap":{"0":{"loc":{"start":{"line":11,"column":28},"end":{"line":11,"column":106}},"type":"binary-expr","locations":[{"start":{"line":11,"column":28},"end":{"line":11,"column":59}},{"start":{"line":11,"column":63},"end":{"line":11,"column":106}}]},"1":{"loc":{"start":{"line":13,"column":0},"end":{"line":13,"column":102}},"type":"if","locations":[{"start":{"line":13,"column":0},"end":{"line":13,"column":102}}]},"2":{"loc":{"start":{"line":22,"column":6},"end":{"line":23,"column":39}},"type":"if","locations":[{"start":{"line":22,"column":6},"end":{"line":23,"column":39}},{"start":{"line":23,"column":11},"end":{"line":23,"column":39}}]}},"s":{"0":1,"1":1,"2":1,"3":1,"4":0,"5":2,"6":2,"7":2,"8":2,"9":2,"10":2,"11":0,"12":2,"13":0,"14":2,"15":1},"f":{"0":2,"1":2,"2":2,"3":2,"4":0,"5":2},"b":{"0":[1,0],"1":[0],"2":[2,0]}}
}
