TN:
SF:app.ts
FN:49,(anonymous_7)
FN:55,(anonymous_8)
FN:56,(anonymous_9)
FNF:3
FNH:2
FNDA:0,(anonymous_7)
FNDA:1,(anonymous_8)
FNDA:1,(anonymous_9)
DA:1,1
DA:3,1
DA:4,1
DA:5,0
DA:8,1
DA:9,1
DA:10,1
DA:11,1
DA:12,1
DA:14,1
DA:15,1
DA:17,1
DA:18,1
DA:19,1
DA:20,1
DA:21,1
DA:23,1
DA:24,1
DA:28,1
DA:37,1
DA:38,1
DA:42,1
DA:45,1
DA:48,1
DA:49,1
DA:50,0
DA:53,1
DA:56,1
DA:57,1
DA:61,1
LF:30
LH:28
BRDA:4,0,0,0
BRDA:37,1,0,1
BRF:2
BRH:1
end_of_record
TN:
SF:common/common.routes.config.ts
FN:8,(anonymous_0)
FN:14,(anonymous_1)
FNF:2
FNH:2
FNDA:1,(anonymous_0)
FNDA:1,(anonymous_1)
DA:3,1
DA:9,1
DA:10,1
DA:11,1
DA:15,1
LF:5
LH:5
BRF:0
BRH:0
end_of_record
TN:
SF:common/middleware/body.validation.middleware.ts
FN:5,(anonymous_0)
FNF:1
FNH:1
FNDA:3,(anonymous_0)
DA:2,1
DA:10,3
DA:11,3
DA:12,1
DA:14,2
DA:18,1
LF:6
LH:6
BRDA:11,0,0,1
BRF:1
BRH:1
end_of_record
TN:
SF:geofeatures/geofeatures.routes.config.ts
FN:8,(anonymous_1)
FN:12,(anonymous_2)
FNF:2
FNH:2
FNDA:1,(anonymous_1)
FNDA:1,(anonymous_2)
DA:1,1
DA:2,1
DA:3,1
DA:4,1
DA:7,1
DA:9,1
DA:13,1
DA:25,1
LF:8
LH:8
BRF:0
BRH:0
end_of_record
TN:
SF:geofeatures/controllers/geofeatures.controller.ts
FN:5,(anonymous_8)
FNF:1
FNH:1
FNDA:2,(anonymous_8)
DA:2,1
DA:6,2
DA:8,2
DA:9,2
DA:13,1
LF:5
LH:5
BRDA:8,0,0,0
BRDA:8,0,1,2
BRF:2
BRH:1
end_of_record
TN:
SF:geofeatures/services/geofeatures.service.ts
FN:16,(anonymous_8)
FN:21,(anonymous_10)
FN:21,(anonymous_11)
FN:25,(anonymous_12)
FN:28,(anonymous_13)
FN:31,(anonymous_14)
FNF:6
FNH:5
FNDA:2,(anonymous_8)
FNDA:2,(anonymous_10)
FNDA:2,(anonymous_11)
FNDA:2,(anonymous_12)
FNDA:0,(anonymous_13)
FNDA:2,(anonymous_14)
DA:1,1
DA:2,1
DA:12,1
DA:13,1
DA:17,2
DA:18,2
DA:20,2
DA:21,2
DA:22,2
DA:23,0
DA:26,2
DA:28,0
DA:32,2
DA:37,1
LF:14
LH:12
BRDA:13,0,0,0
BRDA:22,1,0,2
BRDA:22,1,1,0
BRF:3
BRH:1
end_of_record
TN:
SF:test/mocks.ts
FNF:0
FNH:0
DA:1,1
DA:13,1
DA:19,1
DA:26,1
DA:33,1
LF:5
LH:5
BRF:0
BRH:0
end_of_record
TN:
SF:test/server.ts
FN:10,(anonymous_0)
FNF:1
FNH:0
FNDA:0,(anonymous_0)
DA:1,1
DA:2,1
DA:4,1
DA:11,0
DA:12,0
LF:5
LH:3
BRF:0
BRH:0
end_of_record
